<?xml version="1.0" encoding="UTF-8"?>
<!-- Generated by org.testng.reporters.JUnitXMLReporter -->
<testsuite ignored="1" hostname="ShreyasS-W10" failures="0" tests="3" name="RegressionTest" time="3.848" errors="0" timestamp="2022-03-30T09:42:45 IST">
  <testcase classname="com.UsersApi.Request.GetRequestAPI" name="GetUsersLists" time="1.618"/>
  <testcase classname="com.UsersApi.Request.GetRequestAPI" name="GetSingleUserDetails" time="1.086"/>
  <testcase classname="com.UsersApi.Request.PostRequestAPI" name="AddNewUser" time="1.123"/>
  <testcase classname="com.UsersApi.BaseTest.BaseTest" name="@BeforeSuite setup" time="0.0">
    <ignored/>
  </testcase> <!-- @BeforeSuite setup -->
</testsuite> <!-- RegressionTest -->
