<?xml version="1.0" encoding="UTF-8"?>
<testsuite xmlns:xsi="http://www.w3.org/2001/XMLSchema-instance" xsi:noNamespaceSchemaLocation="https://maven.apache.org/surefire/maven-surefire-plugin/xsd/surefire-test-report-3.0.xsd" version="3.0" name="TestSuite" time="3.703" tests="3" errors="0" skipped="0" failures="0">
  <properties>
[...]
</properties>
  <testcase name="GetUsersLists" classname="com.UsersApi.Request.GetRequestAPI" time="1.435"/>
  <testcase name="GetSingleUserDetails" classname="com.UsersApi.Request.GetRequestAPI" time="0.683"/>
  <testcase name="AddNewUser" classname="com.UsersApi.Request.PostRequestAPI" time="0.922"/>
</testsuite>