<?xml version="1.0" encoding="UTF-8"?>
<testng-results ignored="1" total="4" passed="3" failed="0" skipped="0">
  <reporter-output>
  </reporter-output>
  <suite started-at="2022-03-30T09:42:41 IST" name="ApiAutomationTest" finished-at="2022-03-30T09:42:45 IST" duration-ms="3848">
    <groups>
    </groups>
    <test started-at="2022-03-30T09:42:41 IST" name="RegressionTest" finished-at="2022-03-30T09:42:45 IST" duration-ms="3848">
      <class name="com.UsersApi.Request.PostRequestAPI">
        <test-method signature="AddNewUser()[pri:1, instance:com.UsersApi.Request.PostRequestAPI@31c88ec8]" started-at="2022-03-30T09:42:43 IST" name="AddNewUser" finished-at="2022-03-30T09:42:45 IST" duration-ms="1123" status="PASS">
          <reporter-output>
          </reporter-output>
        </test-method> <!-- AddNewUser -->
      </class> <!-- com.UsersApi.Request.PostRequestAPI -->
      <class name="com.UsersApi.Request.GetRequestAPI">
        <test-method is-config="true" signature="setup()[pri:0, instance:com.UsersApi.Request.GetRequestAPI@41e36e46]" started-at="2022-03-30T09:42:40 IST" name="setup" finished-at="2022-03-30T09:42:41 IST" duration-ms="262" status="PASS">
          <reporter-output>
          </reporter-output>
        </test-method> <!-- setup -->
        <test-method signature="GetUsersLists()[pri:1, instance:com.UsersApi.Request.GetRequestAPI@41e36e46]" started-at="2022-03-30T09:42:41 IST" name="GetUsersLists" finished-at="2022-03-30T09:42:42 IST" duration-ms="1618" status="PASS">
          <reporter-output>
          </reporter-output>
        </test-method> <!-- GetUsersLists -->
        <test-method signature="GetSingleUserDetails()[pri:2, instance:com.UsersApi.Request.GetRequestAPI@41e36e46]" started-at="2022-03-30T09:42:42 IST" name="GetSingleUserDetails" finished-at="2022-03-30T09:42:43 IST" duration-ms="1086" status="PASS">
          <reporter-output>
          </reporter-output>
        </test-method> <!-- GetSingleUserDetails -->
      </class> <!-- com.UsersApi.Request.GetRequestAPI -->
    </test> <!-- RegressionTest -->
  </suite> <!-- ApiAutomationTest -->
</testng-results>
